{"numFailedTestSuites":2,"numFailedTests":6,"numPassedTestSuites":0,"numPassedTests":0,"numPendingTestSuites":0,"numPendingTests":0,"numRuntimeErrorTestSuites":0,"numTodoTests":0,"numTotalTestSuites":2,"numTotalTests":6,"openHandles":[],"snapshot":{"added":0,"didUpdate":false,"failure":false,"filesAdded":0,"filesRemoved":0,"filesRemovedList":[],"filesUnmatched":0,"filesUpdated":0,"matched":0,"total":0,"unchecked":0,"uncheckedKeysByFile":[],"unmatched":0,"updated":0},"startTime":1763714829891,"success":false,"testResults":[{"assertionResults":[{"ancestorTitles":["Auth API"],"duration":56,"failing":false,"failureDetails":[{"matcherResult":{"actual":404,"expected":201,"message":"\u001b[2mexpect(\u001b[22m\u001b[31mreceived\u001b[39m\u001b[2m).\u001b[22mtoEqual\u001b[2m(\u001b[22m\u001b[32mexpected\u001b[39m\u001b[2m) // deep equality\u001b[22m\n\nExpected: \u001b[32m201\u001b[39m\nReceived: \u001b[31m404\u001b[39m","name":"toEqual","pass":false}}],"failureMessages":["Error: \u001b[2mexpect(\u001b[22m\u001b[31mreceived\u001b[39m\u001b[2m).\u001b[22mtoEqual\u001b[2m(\u001b[22m\u001b[32mexpected\u001b[39m\u001b[2m) // deep equality\u001b[22m\n\nExpected: \u001b[32m201\u001b[39m\nReceived: \u001b[31m404\u001b[39m\n    at Object.toEqual (C:\\Users\\Lenovo\\Desktop\\BookApp\\backend\\tests\\auth.test.js:22:32)\n    at processTicksAndRejections (node:internal/process/task_queues:105:5)"],"fullName":"Auth API should register a new user","invocations":1,"location":null,"numPassingAsserts":0,"retryReasons":[],"startAt":1763714832192,"status":"failed","title":"should register a new user"},{"ancestorTitles":["Auth API"],"duration":8,"failing":false,"failureDetails":[{"matcherResult":{"actual":404,"expected":200,"message":"\u001b[2mexpect(\u001b[22m\u001b[31mreceived\u001b[39m\u001b[2m).\u001b[22mtoEqual\u001b[2m(\u001b[22m\u001b[32mexpected\u001b[39m\u001b[2m) // deep equality\u001b[22m\n\nExpected: \u001b[32m200\u001b[39m\nReceived: \u001b[31m404\u001b[39m","name":"toEqual","pass":false}}],"failureMessages":["Error: \u001b[2mexpect(\u001b[22m\u001b[31mreceived\u001b[39m\u001b[2m).\u001b[22mtoEqual\u001b[2m(\u001b[22m\u001b[32mexpected\u001b[39m\u001b[2m) // deep equality\u001b[22m\n\nExpected: \u001b[32m200\u001b[39m\nReceived: \u001b[31m404\u001b[39m\n    at Object.toEqual (C:\\Users\\Lenovo\\Desktop\\BookApp\\backend\\tests\\auth.test.js:35:32)\n    at processTicksAndRejections (node:internal/process/task_queues:105:5)"],"fullName":"Auth API should login the user","invocations":1,"location":null,"numPassingAsserts":0,"retryReasons":[],"startAt":1763714832249,"status":"failed","title":"should login the user"},{"ancestorTitles":["Auth API"],"duration":5,"failing":false,"failureDetails":[{"matcherResult":{"actual":404,"expected":200,"message":"\u001b[2mexpect(\u001b[22m\u001b[31mreceived\u001b[39m\u001b[2m).\u001b[22mtoEqual\u001b[2m(\u001b[22m\u001b[32mexpected\u001b[39m\u001b[2m) // deep equality\u001b[22m\n\nExpected: \u001b[32m200\u001b[39m\nReceived: \u001b[31m404\u001b[39m","name":"toEqual","pass":false}}],"failureMessages":["Error: \u001b[2mexpect(\u001b[22m\u001b[31mreceived\u001b[39m\u001b[2m).\u001b[22mtoEqual\u001b[2m(\u001b[22m\u001b[32mexpected\u001b[39m\u001b[2m) // deep equality\u001b[22m\n\nExpected: \u001b[32m200\u001b[39m\nReceived: \u001b[31m404\u001b[39m\n    at Object.toEqual (C:\\Users\\Lenovo\\Desktop\\BookApp\\backend\\tests\\auth.test.js:45:32)\n    at processTicksAndRejections (node:internal/process/task_queues:105:5)"],"fullName":"Auth API should get current user profile","invocations":1,"location":null,"numPassingAsserts":0,"retryReasons":[],"startAt":1763714832258,"status":"failed","title":"should get current user profile"},{"ancestorTitles":["Auth API"],"duration":5,"failing":false,"failureDetails":[{"matcherResult":{"actual":404,"expected":401,"message":"\u001b[2mexpect(\u001b[22m\u001b[31mreceived\u001b[39m\u001b[2m).\u001b[22mtoEqual\u001b[2m(\u001b[22m\u001b[32mexpected\u001b[39m\u001b[2m) // deep equality\u001b[22m\n\nExpected: \u001b[32m401\u001b[39m\nReceived: \u001b[31m404\u001b[39m","name":"toEqual","pass":false}}],"failureMessages":["Error: \u001b[2mexpect(\u001b[22m\u001b[31mreceived\u001b[39m\u001b[2m).\u001b[22mtoEqual\u001b[2m(\u001b[22m\u001b[32mexpected\u001b[39m\u001b[2m) // deep equality\u001b[22m\n\nExpected: \u001b[32m401\u001b[39m\nReceived: \u001b[31m404\u001b[39m\n    at Object.toEqual (C:\\Users\\Lenovo\\Desktop\\BookApp\\backend\\tests\\auth.test.js:57:32)\n    at processTicksAndRejections (node:internal/process/task_queues:105:5)"],"fullName":"Auth API should fail login with wrong password","invocations":1,"location":null,"numPassingAsserts":0,"retryReasons":[],"startAt":1763714832263,"status":"failed","title":"should fail login with wrong password"}],"endTime":1763714832287,"message":"\u001b[1m\u001b[31m  \u001b[1m● \u001b[22m\u001b[1mAuth API › should register a new user\u001b[39m\u001b[22m\n\n    \u001b[2mexpect(\u001b[22m\u001b[31mreceived\u001b[39m\u001b[2m).\u001b[22mtoEqual\u001b[2m(\u001b[22m\u001b[32mexpected\u001b[39m\u001b[2m) // deep equality\u001b[22m\n\n    Expected: \u001b[32m201\u001b[39m\n    Received: \u001b[31m404\u001b[39m\n\u001b[2m\u001b[22m\n\u001b[2m    \u001b[0m \u001b[90m 20 |\u001b[39m             \u001b[33m.\u001b[39msend(testUser)\u001b[33m;\u001b[39m\u001b[22m\n\u001b[2m     \u001b[90m 21 |\u001b[39m\u001b[22m\n\u001b[2m    \u001b[31m\u001b[1m>\u001b[22m\u001b[2m\u001b[39m\u001b[90m 22 |\u001b[39m         expect(res\u001b[33m.\u001b[39mstatusCode)\u001b[33m.\u001b[39mtoEqual(\u001b[35m201\u001b[39m)\u001b[33m;\u001b[39m\u001b[22m\n\u001b[2m     \u001b[90m    |\u001b[39m                                \u001b[31m\u001b[1m^\u001b[22m\u001b[2m\u001b[39m\u001b[22m\n\u001b[2m     \u001b[90m 23 |\u001b[39m         expect(res\u001b[33m.\u001b[39mbody)\u001b[33m.\u001b[39mtoHaveProperty(\u001b[32m'token'\u001b[39m)\u001b[33m;\u001b[39m\u001b[22m\n\u001b[2m     \u001b[90m 24 |\u001b[39m         expect(res\u001b[33m.\u001b[39mbody\u001b[33m.\u001b[39muser)\u001b[33m.\u001b[39mtoHaveProperty(\u001b[32m'email'\u001b[39m\u001b[33m,\u001b[39m testUser\u001b[33m.\u001b[39memail)\u001b[33m;\u001b[39m\u001b[22m\n\u001b[2m     \u001b[90m 25 |\u001b[39m     })\u001b[33m;\u001b[39m\u001b[0m\u001b[22m\n\u001b[2m\u001b[22m\n\u001b[2m      \u001b[2mat Object.toEqual (\u001b[22m\u001b[2m\u001b[0m\u001b[36mtests/auth.test.js\u001b[39m\u001b[0m\u001b[2m:22:32)\u001b[22m\u001b[2m\u001b[22m\n\n\u001b[1m\u001b[31m  \u001b[1m● \u001b[22m\u001b[1mAuth API › should login the user\u001b[39m\u001b[22m\n\n    \u001b[2mexpect(\u001b[22m\u001b[31mreceived\u001b[39m\u001b[2m).\u001b[22mtoEqual\u001b[2m(\u001b[22m\u001b[32mexpected\u001b[39m\u001b[2m) // deep equality\u001b[22m\n\n    Expected: \u001b[32m200\u001b[39m\n    Received: \u001b[31m404\u001b[39m\n\u001b[2m\u001b[22m\n\u001b[2m    \u001b[0m \u001b[90m 33 |\u001b[39m             })\u001b[33m;\u001b[39m\u001b[22m\n\u001b[2m     \u001b[90m 34 |\u001b[39m\u001b[22m\n\u001b[2m    \u001b[31m\u001b[1m>\u001b[22m\u001b[2m\u001b[39m\u001b[90m 35 |\u001b[39m         expect(res\u001b[33m.\u001b[39mstatusCode)\u001b[33m.\u001b[39mtoEqual(\u001b[35m200\u001b[39m)\u001b[33m;\u001b[39m\u001b[22m\n\u001b[2m     \u001b[90m    |\u001b[39m                                \u001b[31m\u001b[1m^\u001b[22m\u001b[2m\u001b[39m\u001b[22m\n\u001b[2m     \u001b[90m 36 |\u001b[39m         expect(res\u001b[33m.\u001b[39mbody)\u001b[33m.\u001b[39mtoHaveProperty(\u001b[32m'token'\u001b[39m)\u001b[33m;\u001b[39m\u001b[22m\n\u001b[2m     \u001b[90m 37 |\u001b[39m         token \u001b[33m=\u001b[39m res\u001b[33m.\u001b[39mbody\u001b[33m.\u001b[39mtoken\u001b[33m;\u001b[39m\u001b[22m\n\u001b[2m     \u001b[90m 38 |\u001b[39m     })\u001b[33m;\u001b[39m\u001b[0m\u001b[22m\n\u001b[2m\u001b[22m\n\u001b[2m      \u001b[2mat Object.toEqual (\u001b[22m\u001b[2m\u001b[0m\u001b[36mtests/auth.test.js\u001b[39m\u001b[0m\u001b[2m:35:32)\u001b[22m\u001b[2m\u001b[22m\n\n\u001b[1m\u001b[31m  \u001b[1m● \u001b[22m\u001b[1mAuth API › should get current user profile\u001b[39m\u001b[22m\n\n    \u001b[2mexpect(\u001b[22m\u001b[31mreceived\u001b[39m\u001b[2m).\u001b[22mtoEqual\u001b[2m(\u001b[22m\u001b[32mexpected\u001b[39m\u001b[2m) // deep equality\u001b[22m\n\n    Expected: \u001b[32m200\u001b[39m\n    Received: \u001b[31m404\u001b[39m\n\u001b[2m\u001b[22m\n\u001b[2m    \u001b[0m \u001b[90m 43 |\u001b[39m             \u001b[33m.\u001b[39m\u001b[36mset\u001b[39m(\u001b[32m'Authorization'\u001b[39m\u001b[33m,\u001b[39m \u001b[32m`Bearer ${token}`\u001b[39m)\u001b[33m;\u001b[39m\u001b[22m\n\u001b[2m     \u001b[90m 44 |\u001b[39m\u001b[22m\n\u001b[2m    \u001b[31m\u001b[1m>\u001b[22m\u001b[2m\u001b[39m\u001b[90m 45 |\u001b[39m         expect(res\u001b[33m.\u001b[39mstatusCode)\u001b[33m.\u001b[39mtoEqual(\u001b[35m200\u001b[39m)\u001b[33m;\u001b[39m\u001b[22m\n\u001b[2m     \u001b[90m    |\u001b[39m                                \u001b[31m\u001b[1m^\u001b[22m\u001b[2m\u001b[39m\u001b[22m\n\u001b[2m     \u001b[90m 46 |\u001b[39m         expect(res\u001b[33m.\u001b[39mbody\u001b[33m.\u001b[39muser)\u001b[33m.\u001b[39mtoHaveProperty(\u001b[32m'email'\u001b[39m\u001b[33m,\u001b[39m testUser\u001b[33m.\u001b[39memail)\u001b[33m;\u001b[39m\u001b[22m\n\u001b[2m     \u001b[90m 47 |\u001b[39m     })\u001b[33m;\u001b[39m\u001b[22m\n\u001b[2m     \u001b[90m 48 |\u001b[39m\u001b[0m\u001b[22m\n\u001b[2m\u001b[22m\n\u001b[2m      \u001b[2mat Object.toEqual (\u001b[22m\u001b[2m\u001b[0m\u001b[36mtests/auth.test.js\u001b[39m\u001b[0m\u001b[2m:45:32)\u001b[22m\u001b[2m\u001b[22m\n\n\u001b[1m\u001b[31m  \u001b[1m● \u001b[22m\u001b[1mAuth API › should fail login with wrong password\u001b[39m\u001b[22m\n\n    \u001b[2mexpect(\u001b[22m\u001b[31mreceived\u001b[39m\u001b[2m).\u001b[22mtoEqual\u001b[2m(\u001b[22m\u001b[32mexpected\u001b[39m\u001b[2m) // deep equality\u001b[22m\n\n    Expected: \u001b[32m401\u001b[39m\n    Received: \u001b[31m404\u001b[39m\n\u001b[2m\u001b[22m\n\u001b[2m    \u001b[0m \u001b[90m 55 |\u001b[39m             })\u001b[33m;\u001b[39m\u001b[22m\n\u001b[2m     \u001b[90m 56 |\u001b[39m\u001b[22m\n\u001b[2m    \u001b[31m\u001b[1m>\u001b[22m\u001b[2m\u001b[39m\u001b[90m 57 |\u001b[39m         expect(res\u001b[33m.\u001b[39mstatusCode)\u001b[33m.\u001b[39mtoEqual(\u001b[35m401\u001b[39m)\u001b[33m;\u001b[39m\u001b[22m\n\u001b[2m     \u001b[90m    |\u001b[39m                                \u001b[31m\u001b[1m^\u001b[22m\u001b[2m\u001b[39m\u001b[22m\n\u001b[2m     \u001b[90m 58 |\u001b[39m     })\u001b[33m;\u001b[39m\u001b[22m\n\u001b[2m     \u001b[90m 59 |\u001b[39m })\u001b[33m;\u001b[39m\u001b[22m\n\u001b[2m     \u001b[90m 60 |\u001b[39m\u001b[0m\u001b[22m\n\u001b[2m\u001b[22m\n\u001b[2m      \u001b[2mat Object.toEqual (\u001b[22m\u001b[2m\u001b[0m\u001b[36mtests/auth.test.js\u001b[39m\u001b[0m\u001b[2m:57:32)\u001b[22m\u001b[2m\u001b[22m\n","name":"C:\\Users\\Lenovo\\Desktop\\BookApp\\backend\\tests\\auth.test.js","startTime":1763714830395,"status":"failed","summary":""},{"assertionResults":[{"ancestorTitles":["Books API"],"duration":5032,"failing":false,"failureDetails":[{"errors":{"isbn":{"properties":{"message":"ISBN is required","type":"required","path":"isbn"},"kind":"required","path":"isbn"},"category":{"properties":{"message":"`Fiction` is not a valid enum value for path `category`.","type":"enum","enumValues":["fiction","non-fiction","mystery","romance","thriller","sci-fi","fantasy","biography","history","self-help","business","technology","science","art","children","textbook","other"],"path":"category","value":"Fiction","length":7},"kind":"enum","path":"category","value":"Fiction"}},"_message":"Book validation failed"},{"message":"thrown: \"Exceeded timeout of 5000 ms for a hook.\nAdd a timeout value to this test to increase the timeout, if this is a long-running test. See https://jestjs.io/docs/api#testname-fn-timeout.\""}],"failureMessages":["ValidationError: Book validation failed: isbn: ISBN is required, category: `Fiction` is not a valid enum value for path `category`.\n    at model.Document.invalidate (C:\\Users\\Lenovo\\Desktop\\BookApp\\backend\\node_modules\\mongoose\\lib\\document.js:3358:32)\n    at C:\\Users\\Lenovo\\Desktop\\BookApp\\backend\\node_modules\\mongoose\\lib\\document.js:3119:17\n    at C:\\Users\\Lenovo\\Desktop\\BookApp\\backend\\node_modules\\mongoose\\lib\\schemaType.js:1416:9\n    at processTicksAndRejections (node:internal/process/task_queues:85:11)","Error: thrown: \"Exceeded timeout of 5000 ms for a hook.\nAdd a timeout value to this test to increase the timeout, if this is a long-running test. See https://jestjs.io/docs/api#testname-fn-timeout.\"\n    at afterEach (C:\\Users\\Lenovo\\Desktop\\BookApp\\backend\\tests\\books.test.js:24:5)\n    at _dispatchDescribe (C:\\Users\\Lenovo\\Desktop\\BookApp\\backend\\node_modules\\jest-circus\\build\\jestAdapterInit.js:604:26)\n    at describe (C:\\Users\\Lenovo\\Desktop\\BookApp\\backend\\node_modules\\jest-circus\\build\\jestAdapterInit.js:572:44)\n    at Object.describe (C:\\Users\\Lenovo\\Desktop\\BookApp\\backend\\tests\\books.test.js:9:1)\n    at Runtime._execModule (C:\\Users\\Lenovo\\Desktop\\BookApp\\backend\\node_modules\\jest-runtime\\build\\index.js:1268:24)\n    at Runtime._loadModule (C:\\Users\\Lenovo\\Desktop\\BookApp\\backend\\node_modules\\jest-runtime\\build\\index.js:944:12)\n    at Runtime.requireModule (C:\\Users\\Lenovo\\Desktop\\BookApp\\backend\\node_modules\\jest-runtime\\build\\index.js:832:12)\n    at jestAdapter (C:\\Users\\Lenovo\\Desktop\\BookApp\\backend\\node_modules\\jest-circus\\build\\runner.js:95:13)\n    at processTicksAndRejections (node:internal/process/task_queues:105:5)\n    at runTestInternal (C:\\Users\\Lenovo\\Desktop\\BookApp\\backend\\node_modules\\jest-runner\\build\\testWorker.js:275:16)\n    at runTest (C:\\Users\\Lenovo\\Desktop\\BookApp\\backend\\node_modules\\jest-runner\\build\\testWorker.js:343:7)\n    at Object.worker (C:\\Users\\Lenovo\\Desktop\\BookApp\\backend\\node_modules\\jest-runner\\build\\testWorker.js:497:12)"],"fullName":"Books API should get all books","invocations":1,"location":null,"numPassingAsserts":0,"retryReasons":[],"startAt":1763714832198,"status":"failed","title":"should get all books"},{"ancestorTitles":["Books API"],"duration":5003,"failing":false,"failureDetails":[{"errors":{"isbn":{"properties":{"message":"ISBN is required","type":"required","path":"isbn"},"kind":"required","path":"isbn"},"category":{"properties":{"message":"`Fiction` is not a valid enum value for path `category`.","type":"enum","enumValues":["fiction","non-fiction","mystery","romance","thriller","sci-fi","fantasy","biography","history","self-help","business","technology","science","art","children","textbook","other"],"path":"category","value":"Fiction","length":7},"kind":"enum","path":"category","value":"Fiction"}},"_message":"Book validation failed"},{"message":"thrown: \"Exceeded timeout of 5000 ms for a hook.\nAdd a timeout value to this test to increase the timeout, if this is a long-running test. See https://jestjs.io/docs/api#testname-fn-timeout.\""}],"failureMessages":["ValidationError: Book validation failed: isbn: ISBN is required, category: `Fiction` is not a valid enum value for path `category`.\n    at model.Document.invalidate (C:\\Users\\Lenovo\\Desktop\\BookApp\\backend\\node_modules\\mongoose\\lib\\document.js:3358:32)\n    at C:\\Users\\Lenovo\\Desktop\\BookApp\\backend\\node_modules\\mongoose\\lib\\document.js:3119:17\n    at C:\\Users\\Lenovo\\Desktop\\BookApp\\backend\\node_modules\\mongoose\\lib\\schemaType.js:1416:9\n    at processTicksAndRejections (node:internal/process/task_queues:85:11)","Error: thrown: \"Exceeded timeout of 5000 ms for a hook.\nAdd a timeout value to this test to increase the timeout, if this is a long-running test. See https://jestjs.io/docs/api#testname-fn-timeout.\"\n    at afterEach (C:\\Users\\Lenovo\\Desktop\\BookApp\\backend\\tests\\books.test.js:24:5)\n    at _dispatchDescribe (C:\\Users\\Lenovo\\Desktop\\BookApp\\backend\\node_modules\\jest-circus\\build\\jestAdapterInit.js:604:26)\n    at describe (C:\\Users\\Lenovo\\Desktop\\BookApp\\backend\\node_modules\\jest-circus\\build\\jestAdapterInit.js:572:44)\n    at Object.describe (C:\\Users\\Lenovo\\Desktop\\BookApp\\backend\\tests\\books.test.js:9:1)\n    at Runtime._execModule (C:\\Users\\Lenovo\\Desktop\\BookApp\\backend\\node_modules\\jest-runtime\\build\\index.js:1268:24)\n    at Runtime._loadModule (C:\\Users\\Lenovo\\Desktop\\BookApp\\backend\\node_modules\\jest-runtime\\build\\index.js:944:12)\n    at Runtime.requireModule (C:\\Users\\Lenovo\\Desktop\\BookApp\\backend\\node_modules\\jest-runtime\\build\\index.js:832:12)\n    at jestAdapter (C:\\Users\\Lenovo\\Desktop\\BookApp\\backend\\node_modules\\jest-circus\\build\\runner.js:95:13)\n    at processTicksAndRejections (node:internal/process/task_queues:105:5)\n    at runTestInternal (C:\\Users\\Lenovo\\Desktop\\BookApp\\backend\\node_modules\\jest-runner\\build\\testWorker.js:275:16)\n    at runTest (C:\\Users\\Lenovo\\Desktop\\BookApp\\backend\\node_modules\\jest-runner\\build\\testWorker.js:343:7)\n    at Object.worker (C:\\Users\\Lenovo\\Desktop\\BookApp\\backend\\node_modules\\jest-runner\\build\\testWorker.js:497:12)"],"fullName":"Books API should get a book by ID","invocations":1,"location":null,"numPassingAsserts":0,"retryReasons":[],"startAt":1763714837233,"status":"failed","title":"should get a book by ID"}],"endTime":1763714842257,"message":"\u001b[1m\u001b[31m  \u001b[1m● \u001b[22m\u001b[1mBooks API › should get all books\u001b[39m\u001b[22m\n\n    ValidationError: Book validation failed: isbn: ISBN is required, category: `Fiction` is not a valid enum value for path `category`.\n\u001b[2m\u001b[22m\n\u001b[2m      \u001b[2mat model.Document.invalidate (\u001b[22m\u001b[2mnode_modules/mongoose/lib/document.js\u001b[2m:3358:32)\u001b[22m\u001b[2m\u001b[22m\n\u001b[2m      \u001b[2mat \u001b[22m\u001b[2mnode_modules/mongoose/lib/document.js\u001b[2m:3119:17\u001b[22m\u001b[2m\u001b[22m\n\u001b[2m      \u001b[2mat \u001b[22m\u001b[2mnode_modules/mongoose/lib/schemaType.js\u001b[2m:1416:9\u001b[22m\u001b[2m\u001b[22m\n\n\u001b[1m\u001b[31m  \u001b[1m● \u001b[22m\u001b[1mBooks API › should get all books\u001b[39m\u001b[22m\n\n    thrown: \"Exceeded timeout of 5000 ms for a hook.\n    Add a timeout value to this test to increase the timeout, if this is a long-running test. See https://jestjs.io/docs/api#testname-fn-timeout.\"\n\u001b[2m\u001b[22m\n\u001b[2m    \u001b[0m \u001b[90m 22 |\u001b[39m     })\u001b[33m;\u001b[39m\u001b[22m\n\u001b[2m     \u001b[90m 23 |\u001b[39m\u001b[22m\n\u001b[2m    \u001b[31m\u001b[1m>\u001b[22m\u001b[2m\u001b[39m\u001b[90m 24 |\u001b[39m     afterEach(\u001b[36masync\u001b[39m () \u001b[33m=>\u001b[39m {\u001b[22m\n\u001b[2m     \u001b[90m    |\u001b[39m     \u001b[31m\u001b[1m^\u001b[22m\u001b[2m\u001b[39m\u001b[22m\n\u001b[2m     \u001b[90m 25 |\u001b[39m         \u001b[36mawait\u001b[39m \u001b[33mBook\u001b[39m\u001b[33m.\u001b[39mdeleteMany({})\u001b[33m;\u001b[39m\u001b[22m\n\u001b[2m     \u001b[90m 26 |\u001b[39m     })\u001b[33m;\u001b[39m\u001b[22m\n\u001b[2m     \u001b[90m 27 |\u001b[39m\u001b[0m\u001b[22m\n\u001b[2m\u001b[22m\n\u001b[2m      \u001b[2mat afterEach (\u001b[22m\u001b[2m\u001b[0m\u001b[36mtests/books.test.js\u001b[39m\u001b[0m\u001b[2m:24:5)\u001b[22m\u001b[2m\u001b[22m\n\u001b[2m      \u001b[2mat Object.describe (\u001b[22m\u001b[2m\u001b[0m\u001b[36mtests/books.test.js\u001b[39m\u001b[0m\u001b[2m:9:1)\u001b[22m\u001b[2m\u001b[22m\n\n\u001b[1m\u001b[31m  \u001b[1m● \u001b[22m\u001b[1mBooks API › should get a book by ID\u001b[39m\u001b[22m\n\n    ValidationError: Book validation failed: isbn: ISBN is required, category: `Fiction` is not a valid enum value for path `category`.\n\u001b[2m\u001b[22m\n\u001b[2m      \u001b[2mat model.Document.invalidate (\u001b[22m\u001b[2mnode_modules/mongoose/lib/document.js\u001b[2m:3358:32)\u001b[22m\u001b[2m\u001b[22m\n\u001b[2m      \u001b[2mat \u001b[22m\u001b[2mnode_modules/mongoose/lib/document.js\u001b[2m:3119:17\u001b[22m\u001b[2m\u001b[22m\n\u001b[2m      \u001b[2mat \u001b[22m\u001b[2mnode_modules/mongoose/lib/schemaType.js\u001b[2m:1416:9\u001b[22m\u001b[2m\u001b[22m\n\n\u001b[1m\u001b[31m  \u001b[1m● \u001b[22m\u001b[1mBooks API › should get a book by ID\u001b[39m\u001b[22m\n\n    thrown: \"Exceeded timeout of 5000 ms for a hook.\n    Add a timeout value to this test to increase the timeout, if this is a long-running test. See https://jestjs.io/docs/api#testname-fn-timeout.\"\n\u001b[2m\u001b[22m\n\u001b[2m    \u001b[0m \u001b[90m 22 |\u001b[39m     })\u001b[33m;\u001b[39m\u001b[22m\n\u001b[2m     \u001b[90m 23 |\u001b[39m\u001b[22m\n\u001b[2m    \u001b[31m\u001b[1m>\u001b[22m\u001b[2m\u001b[39m\u001b[90m 24 |\u001b[39m     afterEach(\u001b[36masync\u001b[39m () \u001b[33m=>\u001b[39m {\u001b[22m\n\u001b[2m     \u001b[90m    |\u001b[39m     \u001b[31m\u001b[1m^\u001b[22m\u001b[2m\u001b[39m\u001b[22m\n\u001b[2m     \u001b[90m 25 |\u001b[39m         \u001b[36mawait\u001b[39m \u001b[33mBook\u001b[39m\u001b[33m.\u001b[39mdeleteMany({})\u001b[33m;\u001b[39m\u001b[22m\n\u001b[2m     \u001b[90m 26 |\u001b[39m     })\u001b[33m;\u001b[39m\u001b[22m\n\u001b[2m     \u001b[90m 27 |\u001b[39m\u001b[0m\u001b[22m\n\u001b[2m\u001b[22m\n\u001b[2m      \u001b[2mat afterEach (\u001b[22m\u001b[2m\u001b[0m\u001b[36mtests/books.test.js\u001b[39m\u001b[0m\u001b[2m:24:5)\u001b[22m\u001b[2m\u001b[22m\n\u001b[2m      \u001b[2mat Object.describe (\u001b[22m\u001b[2m\u001b[0m\u001b[36mtests/books.test.js\u001b[39m\u001b[0m\u001b[2m:9:1)\u001b[22m\u001b[2m\u001b[22m\n","name":"C:\\Users\\Lenovo\\Desktop\\BookApp\\backend\\tests\\books.test.js","startTime":1763714830390,"status":"failed","summary":""}],"wasInterrupted":false}
